d:\c\projects\mysdl\mysdl\debug\vc140.pdb
d:\c\projects\mysdl\mysdl\debug\vc140.idb
d:\c\projects\mysdl\mysdl\debug\azengine.obj
d:\c\projects\mysdl\mysdl\debug\azenv.obj
d:\c\projects\mysdl\mysdl\debug\azfontmgr.obj
d:\c\projects\mysdl\mysdl\debug\azgraph.obj
d:\c\projects\mysdl\mysdl\debug\aztext.obj
d:\c\projects\mysdl\mysdl\debug\aztexture.obj
d:\c\projects\mysdl\mysdl\debug\azview.obj
d:\c\projects\mysdl\mysdl\debug\azviewbutton.obj
d:\c\projects\mysdl\mysdl\debug\azviewtext.obj
d:\c\projects\mysdl\mysdl\debug\azvlabel.obj
d:\c\projects\mysdl\mysdl\debug\main.obj
d:\c\projects\mysdl\mysdl\debug\azvimage.obj
d:\c\projects\mysdl\mysdl\debug\azvbutton.obj
d:\c\projects\mysdl\mysdl\debug\mysdl.res
d:\c\projects\mysdl\debug\mysdl.pdb
d:\c\projects\mysdl\mysdl\debug\mysdl.tlog\cl.command.1.tlog
d:\c\projects\mysdl\mysdl\debug\mysdl.tlog\cl.read.1.tlog
d:\c\projects\mysdl\mysdl\debug\mysdl.tlog\cl.write.1.tlog
d:\c\projects\mysdl\mysdl\debug\mysdl.tlog\link-cvtres.read.1.tlog
d:\c\projects\mysdl\mysdl\debug\mysdl.tlog\link-cvtres.write.1.tlog
d:\c\projects\mysdl\mysdl\debug\mysdl.tlog\link-rc.read.1.tlog
d:\c\projects\mysdl\mysdl\debug\mysdl.tlog\link-rc.write.1.tlog
d:\c\projects\mysdl\mysdl\debug\mysdl.tlog\link.8456-cvtres.read.1.tlog
d:\c\projects\mysdl\mysdl\debug\mysdl.tlog\link.8456-cvtres.write.1.tlog
d:\c\projects\mysdl\mysdl\debug\mysdl.tlog\link.8456-rc.read.1.tlog
d:\c\projects\mysdl\mysdl\debug\mysdl.tlog\link.8456-rc.write.1.tlog
d:\c\projects\mysdl\mysdl\debug\mysdl.tlog\link.8456.read.1.tlog
d:\c\projects\mysdl\mysdl\debug\mysdl.tlog\link.8456.write.1.tlog
d:\c\projects\mysdl\mysdl\debug\mysdl.tlog\link.command.1.tlog
d:\c\projects\mysdl\mysdl\debug\mysdl.tlog\link.read.1.tlog
d:\c\projects\mysdl\mysdl\debug\mysdl.tlog\link.write.1.tlog
d:\c\projects\mysdl\mysdl\debug\mysdl.tlog\rc.command.1.tlog
d:\c\projects\mysdl\mysdl\debug\mysdl.tlog\rc.read.1.tlog
d:\c\projects\mysdl\mysdl\debug\mysdl.tlog\rc.write.1.tlog
